

Processing MapsController#index (for 127.0.0.1 at 2010-03-02 12:15:12) [GET]
Rendering maps/index
Completed in 154ms (View: 152, DB: 0) | 200 OK [http://localhost/maps]


Processing MapsController#show (for 127.0.0.1 at 2010-03-02 12:15:17) [GET]
Rendering maps/show
Completed in 8ms (View: 6, DB: 0) | 200 OK [http://localhost/maps/show]


Processing MapsController#show (for 127.0.0.1 at 2010-03-02 14:05:00) [GET]
Rendering maps/show
Completed in 5150ms (View: 5124, DB: 0) | 200 OK [http://localhost/maps/show]


Processing MapsController#show (for 127.0.0.1 at 2010-03-02 14:05:25) [GET]
Rendering maps/show
Completed in 8ms (View: 7, DB: 0) | 200 OK [http://localhost/maps/show]


Processing MapsController#show (for 127.0.0.1 at 2010-03-02 14:05:37) [GET]
Rendering maps/show
Completed in 8ms (View: 6, DB: 0) | 200 OK [http://localhost/maps/show]


Processing MapsController#show (for 127.0.0.1 at 2010-03-02 14:05:54) [GET]
Rendering maps/show
Completed in 7ms (View: 5, DB: 0) | 200 OK [http://localhost/maps/show]


Processing MapsController#show (for 127.0.0.1 at 2010-03-02 14:08:19) [GET]
Rendering maps/show
Completed in 18ms (View: 17, DB: 0) | 200 OK [http://localhost/maps/show]


Processing MapsController#show (for 127.0.0.1 at 2010-03-02 14:08:46) [GET]
Rendering maps/show
Completed in 8ms (View: 6, DB: 0) | 200 OK [http://localhost/maps/show]


Processing MapsController#show (for 127.0.0.1 at 2010-03-02 14:10:47) [GET]
Rendering maps/show
Completed in 16ms (View: 14, DB: 0) | 200 OK [http://localhost/maps/show]


Processing MapsController#show (for 127.0.0.1 at 2010-03-02 14:12:32) [GET]
Rendering maps/show
Completed in 9ms (View: 7, DB: 0) | 200 OK [http://localhost/maps/show]


Processing MapsController#show (for 127.0.0.1 at 2010-03-02 14:13:51) [GET]
Rendering maps/show
Completed in 9ms (View: 7, DB: 0) | 200 OK [http://localhost/maps/show]


Processing MapsController#show (for 127.0.0.1 at 2010-03-02 14:16:59) [GET]
Rendering maps/show
Completed in 12ms (View: 10, DB: 0) | 200 OK [http://localhost/maps/show]


Processing MapsController#show (for 127.0.0.1 at 2010-03-02 14:17:45) [GET]
Rendering maps/show
Completed in 35ms (View: 33, DB: 0) | 200 OK [http://localhost/maps/show]


Processing MapsController#show (for 127.0.0.1 at 2010-03-02 14:18:15) [GET]
Rendering maps/show
Completed in 13ms (View: 12, DB: 0) | 200 OK [http://localhost/maps/show]


Processing MapsController#show (for 127.0.0.1 at 2010-03-02 14:18:35) [GET]
Rendering maps/show
Completed in 7ms (View: 6, DB: 0) | 200 OK [http://localhost/maps/show]


Processing MapsController#show (for 127.0.0.1 at 2010-03-02 14:28:11) [GET]
Rendering maps/show
Completed in 104ms (View: 103, DB: 0) | 200 OK [http://localhost/]


Processing MapsController#show (for 127.0.0.1 at 2010-03-02 14:36:27) [GET]
Rendering maps/show
Completed in 7ms (View: 6, DB: 0) | 200 OK [http://localhost/]


Processing MapsController#show (for 127.0.0.1 at 2010-03-02 14:36:59) [GET]
Rendering maps/show
Completed in 68ms (View: 66, DB: 0) | 200 OK [http://localhost/]


Processing MapsController#show (for 127.0.0.1 at 2010-03-02 14:37:35) [GET]
Rendering maps/show
Completed in 7ms (View: 6, DB: 0) | 200 OK [http://localhost/]


Processing MapsController#show (for 127.0.0.1 at 2010-03-02 14:49:17) [GET]
Rendering maps/show
Completed in 7ms (View: 6, DB: 0) | 200 OK [http://localhost/]


Processing MapsController#show (for 127.0.0.1 at 2010-03-02 14:49:50) [GET]
Rendering maps/show
Completed in 7ms (View: 5, DB: 0) | 200 OK [http://localhost/]


Processing MapsController#show (for 127.0.0.1 at 2010-03-02 14:50:08) [GET]
Rendering maps/show
Completed in 7ms (View: 5, DB: 0) | 200 OK [http://localhost/]


Processing MapsController#show (for 127.0.0.1 at 2010-03-02 14:51:06) [GET]
Rendering maps/show
Completed in 8ms (View: 6, DB: 0) | 200 OK [http://localhost/]


Processing MapsController#show (for 127.0.0.1 at 2010-03-02 14:51:32) [GET]
Rendering maps/show
Completed in 8ms (View: 6, DB: 0) | 200 OK [http://localhost/]


Processing MapsController#show (for 127.0.0.1 at 2010-03-02 14:52:57) [GET]
Rendering maps/show
Completed in 7ms (View: 6, DB: 0) | 200 OK [http://localhost/]


Processing MapsController#show (for 127.0.0.1 at 2010-03-03 16:21:05) [GET]
Rendering maps/show
Completed in 126ms (View: 124, DB: 0) | 200 OK [http://localhost/]


Processing MapsController#show (for 127.0.0.1 at 2010-03-03 16:23:21) [GET]
Rendering maps/show
Completed in 2ms (View: 1, DB: 0) | 200 OK [http://localhost/]


Processing MapsController#show (for 127.0.0.1 at 2010-03-03 16:23:38) [GET]
Rendering maps/show
Completed in 2ms (View: 1, DB: 0) | 200 OK [http://localhost/]


Processing MapsController#show (for 127.0.0.1 at 2010-03-03 16:24:04) [GET]
Rendering maps/show
Completed in 2ms (View: 1, DB: 0) | 200 OK [http://localhost/]


Processing MapsController#show (for 127.0.0.1 at 2010-03-03 16:26:35) [GET]
Rendering maps/show
Completed in 2ms (View: 1, DB: 0) | 200 OK [http://localhost/]


Processing MapsController#show (for 127.0.0.1 at 2010-03-03 16:28:48) [GET]
Rendering maps/show
Completed in 45ms (View: 43, DB: 0) | 200 OK [http://localhost/]


Processing MapsController#show (for 127.0.0.1 at 2010-03-03 16:29:38) [GET]
Rendering maps/show
Completed in 7ms (View: 6, DB: 0) | 200 OK [http://localhost/]


Processing MapsController#show (for 127.0.0.1 at 2010-03-03 16:30:38) [GET]
Rendering maps/show
Completed in 8ms (View: 6, DB: 0) | 200 OK [http://localhost/]


Processing MapsController#show (for 127.0.0.1 at 2010-03-03 16:31:41) [GET]
Rendering maps/show
Completed in 8ms (View: 7, DB: 0) | 200 OK [http://localhost/]


Processing MapsController#show (for 127.0.0.1 at 2010-03-03 16:32:10) [GET]
Rendering maps/show
Completed in 8ms (View: 6, DB: 0) | 200 OK [http://localhost/]


Processing MapsController#show (for 127.0.0.1 at 2010-03-03 16:36:03) [GET]
Rendering maps/show
Completed in 9ms (View: 7, DB: 0) | 200 OK [http://localhost/]


Processing MapsController#show (for 127.0.0.1 at 2010-03-03 16:37:33) [GET]
Rendering maps/show
Completed in 9ms (View: 7, DB: 0) | 200 OK [http://localhost/]


Processing MapsController#show (for 127.0.0.1 at 2010-03-03 16:40:10) [GET]
Rendering maps/show
Completed in 7ms (View: 6, DB: 0) | 200 OK [http://localhost/]


Processing MapsController#show (for 127.0.0.1 at 2010-03-03 16:41:58) [GET]
Rendering maps/show
Completed in 8ms (View: 6, DB: 0) | 200 OK [http://localhost/]


Processing MapsController#show (for 127.0.0.1 at 2010-03-03 16:43:23) [GET]
Rendering maps/show
Completed in 8ms (View: 6, DB: 0) | 200 OK [http://localhost/]


Processing MapsController#show (for 127.0.0.1 at 2010-03-03 16:44:13) [GET]
Rendering maps/show
Completed in 9ms (View: 7, DB: 0) | 200 OK [http://localhost/]


Processing MapsController#show (for 127.0.0.1 at 2010-03-03 16:45:18) [GET]
Rendering maps/show
Completed in 8ms (View: 6, DB: 0) | 200 OK [http://localhost/]


Processing MapsController#show (for 127.0.0.1 at 2010-03-03 16:46:23) [GET]
Rendering maps/show
Completed in 8ms (View: 7, DB: 0) | 200 OK [http://localhost/]


Processing MapsController#show (for 127.0.0.1 at 2010-03-03 16:46:45) [GET]
Rendering maps/show
Completed in 8ms (View: 6, DB: 0) | 200 OK [http://localhost/]


Processing MapsController#show (for 127.0.0.1 at 2010-03-03 16:49:05) [GET]
Rendering maps/show
Completed in 8ms (View: 6, DB: 0) | 200 OK [http://localhost/]


Processing MapsController#show (for 127.0.0.1 at 2010-03-03 16:49:14) [GET]
Rendering maps/show
Completed in 3ms (View: 1, DB: 0) | 200 OK [http://localhost/]


Processing MapsController#show (for 127.0.0.1 at 2010-03-03 16:49:40) [GET]
Rendering maps/show
Completed in 8ms (View: 6, DB: 0) | 200 OK [http://localhost/]


Processing MapsController#show (for 127.0.0.1 at 2010-03-03 16:49:56) [GET]
Rendering maps/show
Completed in 8ms (View: 6, DB: 0) | 200 OK [http://localhost/]


Processing MapsController#show (for 127.0.0.1 at 2010-03-03 16:51:18) [GET]
Rendering maps/show
Completed in 7ms (View: 6, DB: 0) | 200 OK [http://localhost/]


Processing MapsController#show (for 127.0.0.1 at 2010-03-03 16:52:37) [GET]
Rendering maps/show
Completed in 7ms (View: 6, DB: 0) | 200 OK [http://localhost/]


Processing MapsController#show (for 127.0.0.1 at 2010-03-03 16:53:35) [GET]
Rendering maps/show
Completed in 8ms (View: 7, DB: 0) | 200 OK [http://localhost/]


Processing MapsController#show (for 127.0.0.1 at 2010-03-03 16:54:02) [GET]
Rendering maps/show
Completed in 7ms (View: 6, DB: 0) | 200 OK [http://localhost/]


Processing MapsController#show (for 127.0.0.1 at 2010-03-03 16:55:20) [GET]
Rendering maps/show
Completed in 7ms (View: 6, DB: 0) | 200 OK [http://localhost/]


Processing MapsController#show (for 127.0.0.1 at 2010-03-03 16:55:53) [GET]
Rendering maps/show
Completed in 75ms (View: 74, DB: 0) | 200 OK [http://localhost/]


Processing MapsController#show (for 127.0.0.1 at 2010-03-03 16:56:48) [GET]
Rendering maps/show
Completed in 7ms (View: 6, DB: 0) | 200 OK [http://localhost/]


Processing MapsController#show (for 127.0.0.1 at 2010-03-03 16:57:21) [GET]
Rendering maps/show
Completed in 7ms (View: 6, DB: 0) | 200 OK [http://localhost/]


Processing MapsController#show (for 127.0.0.1 at 2010-03-03 16:57:42) [GET]
Rendering maps/show
Completed in 8ms (View: 6, DB: 0) | 200 OK [http://localhost/]


Processing MapsController#show (for 127.0.0.1 at 2010-03-03 16:58:01) [GET]
Rendering maps/show
Completed in 8ms (View: 6, DB: 0) | 200 OK [http://localhost/]


Processing MapsController#show (for 127.0.0.1 at 2010-03-03 16:58:22) [GET]
Rendering maps/show
Completed in 8ms (View: 6, DB: 0) | 200 OK [http://localhost/]


Processing MapsController#show (for 127.0.0.1 at 2010-03-03 16:58:48) [GET]
Rendering maps/show
Completed in 8ms (View: 7, DB: 0) | 200 OK [http://localhost/]


Processing MapsController#show (for 127.0.0.1 at 2010-03-03 16:59:14) [GET]
Rendering maps/show
Completed in 7ms (View: 6, DB: 0) | 200 OK [http://localhost/]


Processing MapsController#show (for 127.0.0.1 at 2010-03-03 17:00:46) [GET]
Rendering maps/show
Completed in 74ms (View: 72, DB: 0) | 200 OK [http://localhost/]


Processing MapsController#show (for 127.0.0.1 at 2010-03-03 17:01:22) [GET]
Rendering maps/show
Completed in 8ms (View: 6, DB: 0) | 200 OK [http://localhost/]


Processing MapsController#show (for 127.0.0.1 at 2010-03-03 17:01:52) [GET]
Rendering maps/show
Completed in 8ms (View: 6, DB: 0) | 200 OK [http://localhost/]


Processing MapsController#show (for 127.0.0.1 at 2010-03-03 17:02:36) [GET]
Rendering maps/show
Completed in 8ms (View: 6, DB: 0) | 200 OK [http://localhost/]


Processing MapsController#show (for 127.0.0.1 at 2010-03-03 17:02:58) [GET]
Rendering maps/show
Completed in 8ms (View: 7, DB: 0) | 200 OK [http://localhost/]


Processing MapsController#show (for 127.0.0.1 at 2010-03-03 17:03:41) [GET]
Rendering maps/show
Completed in 7ms (View: 6, DB: 0) | 200 OK [http://localhost/]


Processing MapsController#show (for 127.0.0.1 at 2010-03-03 17:03:59) [GET]
Rendering maps/show
Completed in 8ms (View: 6, DB: 0) | 200 OK [http://localhost/]


Processing MapsController#show (for 127.0.0.1 at 2010-03-03 17:06:49) [GET]
Rendering maps/show
Completed in 7ms (View: 6, DB: 0) | 200 OK [http://localhost/]


Processing MapsController#show (for 127.0.0.1 at 2010-03-03 17:09:42) [GET]
Rendering maps/show
Completed in 8ms (View: 6, DB: 0) | 200 OK [http://localhost/]


Processing MapsController#show (for 127.0.0.1 at 2010-03-03 17:10:04) [GET]
Rendering maps/show
Completed in 8ms (View: 6, DB: 0) | 200 OK [http://localhost/]


Processing MapsController#show (for 127.0.0.1 at 2010-03-03 17:10:34) [GET]
Rendering maps/show
Completed in 8ms (View: 6, DB: 0) | 200 OK [http://localhost/]


Processing MapsController#show (for 127.0.0.1 at 2010-03-03 17:11:38) [GET]
Rendering maps/show
Completed in 8ms (View: 6, DB: 0) | 200 OK [http://localhost/]


Processing MapsController#show (for 127.0.0.1 at 2010-03-03 17:12:14) [GET]
Rendering maps/show
Completed in 8ms (View: 6, DB: 0) | 200 OK [http://localhost/]


Processing MapsController#show (for 127.0.0.1 at 2010-03-03 17:12:36) [GET]
Rendering maps/show
Completed in 8ms (View: 6, DB: 0) | 200 OK [http://localhost/]


Processing MapsController#show (for 127.0.0.1 at 2010-03-03 17:13:27) [GET]
Rendering maps/show
Completed in 8ms (View: 6, DB: 0) | 200 OK [http://localhost/]


Processing MapsController#show (for 127.0.0.1 at 2010-03-03 17:13:48) [GET]
Rendering maps/show
Completed in 8ms (View: 6, DB: 0) | 200 OK [http://localhost/]


Processing MapsController#show (for 127.0.0.1 at 2010-03-04 09:21:05) [GET]
Rendering maps/show
Completed in 93ms (View: 92, DB: 0) | 200 OK [http://localhost/]


Processing MapsController#show (for 127.0.0.1 at 2010-03-04 10:03:22) [GET]
Rendering maps/show
Completed in 8ms (View: 6, DB: 0) | 200 OK [http://localhost/]


Processing MapsController#show (for 127.0.0.1 at 2010-03-04 10:12:27) [GET]
Rendering maps/show
Completed in 8ms (View: 6, DB: 0) | 200 OK [http://localhost/]


Processing MapsController#show (for 127.0.0.1 at 2010-03-04 10:13:28) [GET]
Rendering maps/show
Completed in 8ms (View: 7, DB: 0) | 200 OK [http://localhost/]


Processing MapsController#show (for 127.0.0.1 at 2010-03-04 10:14:12) [GET]
Rendering maps/show
Completed in 8ms (View: 6, DB: 0) | 200 OK [http://localhost/]


Processing MapsController#show (for 127.0.0.1 at 2010-03-04 10:14:48) [GET]
Rendering maps/show
Completed in 8ms (View: 7, DB: 0) | 200 OK [http://localhost/]


Processing MapsController#show (for 127.0.0.1 at 2010-03-04 10:15:49) [GET]
Rendering maps/show
Completed in 8ms (View: 6, DB: 0) | 200 OK [http://localhost/]


Processing MapsController#show (for 127.0.0.1 at 2010-03-04 10:17:02) [GET]
Rendering maps/show
Completed in 8ms (View: 7, DB: 0) | 200 OK [http://localhost/]


Processing MapsController#show (for 127.0.0.1 at 2010-03-04 10:17:42) [GET]
Rendering maps/show
Completed in 8ms (View: 7, DB: 0) | 200 OK [http://localhost/]


Processing MapsController#show (for 127.0.0.1 at 2010-03-04 10:18:23) [GET]
Rendering maps/show
Completed in 9ms (View: 7, DB: 0) | 200 OK [http://localhost/]


Processing MapsController#show (for 127.0.0.1 at 2010-03-04 10:18:41) [GET]
Rendering maps/show
Completed in 74ms (View: 73, DB: 0) | 200 OK [http://localhost/]


Processing MapsController#show (for 127.0.0.1 at 2010-03-04 10:20:14) [GET]
Rendering maps/show
Completed in 8ms (View: 6, DB: 0) | 200 OK [http://localhost/]


Processing MapsController#show (for 127.0.0.1 at 2010-03-04 10:22:21) [GET]
Rendering maps/show
Completed in 8ms (View: 6, DB: 0) | 200 OK [http://localhost/]


Processing MapsController#show (for 127.0.0.1 at 2010-03-04 10:24:19) [GET]
Rendering maps/show
Completed in 7ms (View: 6, DB: 0) | 200 OK [http://localhost/]


Processing MapsController#show (for 127.0.0.1 at 2010-03-04 10:24:39) [GET]
Rendering maps/show
Completed in 8ms (View: 6, DB: 0) | 200 OK [http://localhost/]


Processing MapsController#show (for 127.0.0.1 at 2010-03-04 10:25:13) [GET]
Rendering maps/show
Completed in 9ms (View: 7, DB: 0) | 200 OK [http://localhost/]


Processing MapsController#show (for 127.0.0.1 at 2010-03-04 10:25:30) [GET]
Rendering maps/show
Completed in 8ms (View: 7, DB: 0) | 200 OK [http://localhost/]


Processing MapsController#show (for 127.0.0.1 at 2010-03-04 10:27:47) [GET]
Rendering maps/show
Completed in 8ms (View: 7, DB: 0) | 200 OK [http://localhost/]


Processing MapsController#show (for 127.0.0.1 at 2010-03-04 10:28:21) [GET]
Rendering maps/show
Completed in 74ms (View: 72, DB: 0) | 200 OK [http://localhost/]


Processing MapsController#show (for 127.0.0.1 at 2010-03-04 10:30:54) [GET]
Rendering maps/show
Completed in 8ms (View: 6, DB: 0) | 200 OK [http://localhost/]


Processing MapsController#show (for 127.0.0.1 at 2010-03-04 10:37:59) [GET]
Rendering maps/show
Completed in 8ms (View: 6, DB: 0) | 200 OK [http://localhost/]


Processing MapsController#show (for 127.0.0.1 at 2010-03-04 10:39:09) [GET]
Rendering maps/show
Completed in 8ms (View: 6, DB: 0) | 200 OK [http://localhost/]


Processing MapsController#show (for 127.0.0.1 at 2010-03-04 10:39:59) [GET]
Rendering maps/show
Completed in 7ms (View: 6, DB: 0) | 200 OK [http://localhost/]


Processing MapsController#show (for 127.0.0.1 at 2010-03-04 10:43:52) [GET]
Rendering maps/show
Completed in 7ms (View: 6, DB: 0) | 200 OK [http://localhost/]


Processing MapsController#show (for 127.0.0.1 at 2010-03-04 10:46:32) [GET]
Rendering maps/show
Completed in 7ms (View: 6, DB: 0) | 200 OK [http://localhost/]


Processing MapsController#show (for 127.0.0.1 at 2010-03-04 10:48:12) [GET]
Rendering maps/show
Completed in 8ms (View: 6, DB: 0) | 200 OK [http://localhost/]


Processing MapsController#show (for 127.0.0.1 at 2010-03-04 10:48:47) [GET]
Rendering maps/show
Completed in 9ms (View: 7, DB: 0) | 200 OK [http://localhost/]


Processing MapsController#show (for 127.0.0.1 at 2010-03-04 10:49:10) [GET]
Rendering maps/show
Completed in 8ms (View: 6, DB: 0) | 200 OK [http://localhost/]


Processing MapsController#show (for 127.0.0.1 at 2010-03-04 10:50:08) [GET]
Rendering maps/show
Completed in 8ms (View: 6, DB: 0) | 200 OK [http://localhost/]


Processing MapsController#show (for 127.0.0.1 at 2010-03-04 10:50:33) [GET]
Rendering maps/show
Completed in 7ms (View: 6, DB: 0) | 200 OK [http://localhost/]


Processing ApplicationController#index (for 127.0.0.1 at 2010-03-04 10:50:36) [GET]

ActionController::RoutingError (No route matches "/[object%20XMLHttpRequest]" with {:method=>:get}):
  

Rendering rescues/layout (not_found)


Processing MapsController#show (for 127.0.0.1 at 2010-03-04 10:51:08) [GET]
Rendering maps/show
Completed in 8ms (View: 7, DB: 0) | 200 OK [http://localhost/]


Processing ApplicationController#index (for 127.0.0.1 at 2010-03-04 10:51:11) [GET]

ActionController::RoutingError (No route matches "/[object%20XMLHttpRequest]" with {:method=>:get}):
  

Rendering rescues/layout (not_found)


Processing MapsController#show (for 127.0.0.1 at 2010-03-04 10:56:10) [GET]
Rendering maps/show
Completed in 8ms (View: 6, DB: 0) | 200 OK [http://localhost/]


Processing MapsController#show (for 127.0.0.1 at 2010-03-04 10:56:13) [GET]
Rendering maps/show
Completed in 5ms (View: 3, DB: 0) | 200 OK [http://localhost/]


Processing MapsController#show (for 127.0.0.1 at 2010-03-04 10:57:20) [GET]
Rendering maps/show
Completed in 8ms (View: 6, DB: 0) | 200 OK [http://localhost/]


Processing MapsController#show (for 127.0.0.1 at 2010-03-04 11:04:28) [GET]
Rendering maps/show
Completed in 8ms (View: 6, DB: 0) | 200 OK [http://localhost/]


Processing MapsController#show (for 127.0.0.1 at 2010-03-04 11:05:28) [GET]
Rendering maps/show
Completed in 8ms (View: 6, DB: 0) | 200 OK [http://localhost/]


Processing MapsController#show (for 127.0.0.1 at 2010-03-04 11:05:42) [GET]
Rendering maps/show
Completed in 8ms (View: 7, DB: 0) | 200 OK [http://localhost/]


Processing MapsController#show (for 127.0.0.1 at 2010-03-04 11:07:57) [GET]
Rendering maps/show
Completed in 8ms (View: 6, DB: 0) | 200 OK [http://localhost/]


Processing ApplicationController#index (for 127.0.0.1 at 2010-03-04 11:08:01) [GET]

ActionController::RoutingError (No route matches "/null" with {:method=>:get}):
  

Rendering rescues/layout (not_found)


Processing MapsController#show (for 127.0.0.1 at 2010-03-04 11:08:48) [GET]
Rendering maps/show
Completed in 9ms (View: 7, DB: 0) | 200 OK [http://localhost/]


Processing MapsController#show (for 127.0.0.1 at 2010-03-04 11:10:06) [GET]
Rendering maps/show
Completed in 7ms (View: 6, DB: 0) | 200 OK [http://localhost/]


Processing MapsController#show (for 127.0.0.1 at 2010-03-04 11:10:44) [GET]
Rendering maps/show
Completed in 7ms (View: 6, DB: 0) | 200 OK [http://localhost/]


Processing MapsController#show (for 127.0.0.1 at 2010-03-04 11:10:56) [GET]
Rendering maps/show
Completed in 75ms (View: 74, DB: 0) | 200 OK [http://localhost/]


Processing MapsController#show (for 127.0.0.1 at 2010-03-04 11:11:33) [GET]
Rendering maps/show
Completed in 8ms (View: 6, DB: 0) | 200 OK [http://localhost/]


Processing ApplicationController#index (for 127.0.0.1 at 2010-03-04 11:11:34) [GET]

ActionController::RoutingError (No route matches "/11119.json" with {:method=>:get}):
  

Rendering rescues/layout (not_found)


Processing MapsController#show (for 127.0.0.1 at 2010-03-04 11:12:03) [GET]
Rendering maps/show
Completed in 8ms (View: 6, DB: 0) | 200 OK [http://localhost/]


Processing ApplicationController#index (for 127.0.0.1 at 2010-03-04 11:12:04) [GET]

ActionController::RoutingError (No route matches "/11119.json" with {:method=>:get}):
  

Rendering rescues/layout (not_found)


Processing MapsController#show (for 127.0.0.1 at 2010-03-04 11:15:12) [GET]
Rendering maps/show
Completed in 8ms (View: 7, DB: 0) | 200 OK [http://localhost/]


Processing MapsController#show (for 127.0.0.1 at 2010-03-04 11:16:11) [GET]
Rendering maps/show
Completed in 8ms (View: 6, DB: 0) | 200 OK [http://localhost/]


Processing ApplicationController#index (for 127.0.0.1 at 2010-03-04 11:16:12) [GET]

ActionController::RoutingError (No route matches "/11119.json" with {:method=>:get}):
  

Rendering rescues/layout (not_found)


Processing MapsController#show (for 127.0.0.1 at 2010-03-04 11:16:46) [GET]
Rendering maps/show
Completed in 8ms (View: 6, DB: 0) | 200 OK [http://localhost/]


Processing MapsController#show (for 127.0.0.1 at 2010-03-04 11:25:41) [GET]
Rendering maps/show
Completed in 23ms (View: 22, DB: 0) | 200 OK [http://localhost/]


Processing MapsController#show (for 127.0.0.1 at 2010-03-04 11:26:58) [GET]

Errno::ENOENT (No such file or directory - http://www.suburbantrends.com.au/api/boundaries/ssc/11011.json):
  app/controllers/maps_controller.rb:8:in `initialize'
  app/controllers/maps_controller.rb:8:in `open'
  app/controllers/maps_controller.rb:8:in `show'

Rendered rescues/_trace (101.5ms)
Rendered rescues/_request_and_response (1.7ms)
Rendering rescues/layout (internal_server_error)


Processing MapsController#show (for 127.0.0.1 at 2010-03-04 11:27:26) [GET]

Errno::ENOENT (No such file or directory - 11119.json):
  app/controllers/maps_controller.rb:8:in `initialize'
  app/controllers/maps_controller.rb:8:in `open'
  app/controllers/maps_controller.rb:8:in `show'

Rendered rescues/_trace (43.1ms)
Rendered rescues/_request_and_response (0.3ms)
Rendering rescues/layout (internal_server_error)


Processing MapsController#show (for 127.0.0.1 at 2010-03-04 11:27:45) [GET]

Errno::ENOENT (No such file or directory - 11119.json):
  app/controllers/maps_controller.rb:8:in `initialize'
  app/controllers/maps_controller.rb:8:in `open'
  app/controllers/maps_controller.rb:8:in `show'

Rendered rescues/_trace (118.2ms)
Rendered rescues/_request_and_response (0.3ms)
Rendering rescues/layout (internal_server_error)


Processing MapsController#show (for 127.0.0.1 at 2010-03-04 11:28:33) [GET]

Errno::ENOENT (No such file or directory - 11119.json):
  app/controllers/maps_controller.rb:8:in `initialize'
  app/controllers/maps_controller.rb:8:in `open'
  app/controllers/maps_controller.rb:8:in `show'

Rendered rescues/_trace (42.3ms)
Rendered rescues/_request_and_response (0.3ms)
Rendering rescues/layout (internal_server_error)


Processing MapsController#show (for 127.0.0.1 at 2010-03-04 11:28:35) [GET]

Errno::ENOENT (No such file or directory - 11119.json):
  app/controllers/maps_controller.rb:8:in `initialize'
  app/controllers/maps_controller.rb:8:in `open'
  app/controllers/maps_controller.rb:8:in `show'

Rendered rescues/_trace (41.3ms)
Rendered rescues/_request_and_response (0.3ms)
Rendering rescues/layout (internal_server_error)


Processing MapsController#show (for 127.0.0.1 at 2010-03-04 11:30:11) [GET]
Rendering maps/show
Completed in 4ms (View: 1, DB: 0) | 200 OK [http://localhost/]


Processing MapsController#show (for 127.0.0.1 at 2010-03-04 11:37:10) [GET]
Rendering maps/show
Completed in 9ms (View: 6, DB: 0) | 200 OK [http://localhost/]


Processing MapsController#show (for 127.0.0.1 at 2010-03-04 11:37:36) [GET]
Rendering maps/show
Completed in 9ms (View: 7, DB: 0) | 200 OK [http://localhost/]


Processing MapsController#show (for 127.0.0.1 at 2010-03-04 11:53:35) [GET]
Rendering maps/show
Completed in 3ms (View: 1, DB: 0) | 200 OK [http://localhost/]


Processing MapsController#show (for 127.0.0.1 at 2010-03-04 11:54:33) [GET]
Rendering maps/show
Completed in 8ms (View: 6, DB: 0) | 200 OK [http://localhost/]


Processing MapsController#show (for 127.0.0.1 at 2010-03-04 11:54:53) [GET]
Rendering maps/show
Completed in 8ms (View: 6, DB: 0) | 200 OK [http://localhost/]


Processing MapsController#show (for 127.0.0.1 at 2010-03-04 11:55:37) [GET]
Rendering maps/show
Completed in 9ms (View: 7, DB: 0) | 200 OK [http://localhost/]


Processing MapsController#show (for 127.0.0.1 at 2010-03-04 12:02:06) [GET]
Rendering maps/show
Completed in 9ms (View: 7, DB: 0) | 200 OK [http://localhost/]


Processing MapsController#show (for 127.0.0.1 at 2010-03-04 12:02:24) [GET]
Rendering maps/show
Completed in 9ms (View: 8, DB: 0) | 200 OK [http://localhost/]


Processing MapsController#show (for 127.0.0.1 at 2010-03-04 12:06:18) [GET]
Rendering maps/show
Completed in 8ms (View: 6, DB: 0) | 200 OK [http://localhost/]


Processing MapsController#show (for 127.0.0.1 at 2010-03-04 12:07:24) [GET]
Rendering maps/show
Completed in 8ms (View: 6, DB: 0) | 200 OK [http://localhost/]


Processing MapsController#show (for 127.0.0.1 at 2010-03-04 12:07:47) [GET]
Rendering maps/show
Completed in 8ms (View: 6, DB: 0) | 200 OK [http://localhost/]


Processing MapsController#show (for 127.0.0.1 at 2010-03-04 12:08:03) [GET]
Rendering maps/show
Completed in 7ms (View: 6, DB: 0) | 200 OK [http://localhost/]


Processing MapsController#show (for 127.0.0.1 at 2010-03-04 12:10:58) [GET]
Rendering maps/show
Completed in 8ms (View: 6, DB: 0) | 200 OK [http://localhost/]


Processing MapsController#show (for 127.0.0.1 at 2010-03-04 12:11:09) [GET]
Rendering maps/show
Completed in 8ms (View: 6, DB: 0) | 200 OK [http://localhost/]


Processing MapsController#show (for 127.0.0.1 at 2010-03-04 12:11:18) [GET]
Rendering maps/show
Completed in 9ms (View: 7, DB: 0) | 200 OK [http://localhost/]


Processing MapsController#show (for 127.0.0.1 at 2010-03-04 12:11:28) [GET]
Rendering maps/show
Completed in 8ms (View: 6, DB: 0) | 200 OK [http://localhost/]


Processing MapsController#show (for 127.0.0.1 at 2010-03-04 12:11:40) [GET]
Rendering maps/show
Completed in 8ms (View: 6, DB: 0) | 200 OK [http://localhost/]


Processing MapsController#show (for 127.0.0.1 at 2010-03-04 12:25:25) [GET]
Rendering maps/show
Completed in 3ms (View: 1, DB: 0) | 200 OK [http://localhost/]


Processing MapsController#show (for 127.0.0.1 at 2010-03-04 12:36:08) [GET]
Rendering maps/show
Completed in 29ms (View: 6, DB: 0) | 200 OK [http://localhost/]


Processing MapsController#show (for 127.0.0.1 at 2010-03-04 12:37:01) [GET]
Rendering maps/show
Completed in 8ms (View: 6, DB: 0) | 200 OK [http://localhost/]


Processing MapsController#show (for 127.0.0.1 at 2010-03-04 12:40:05) [GET]
Rendering maps/show
Completed in 8ms (View: 6, DB: 0) | 200 OK [http://localhost/]


Processing MapsController#show (for 127.0.0.1 at 2010-03-04 12:41:10) [GET]
Rendering maps/show
Completed in 7ms (View: 5, DB: 0) | 200 OK [http://localhost/]


Processing MapsController#show (for 127.0.0.1 at 2010-03-04 12:42:07) [GET]
Rendering maps/show
Completed in 8ms (View: 6, DB: 0) | 200 OK [http://localhost/]


Processing MapsController#show (for 127.0.0.1 at 2010-03-04 12:43:46) [GET]
Rendering maps/show
Completed in 10ms (View: 1, DB: 0) | 200 OK [http://localhost/]


Processing MapsController#show (for 127.0.0.1 at 2010-03-04 12:45:51) [GET]
Rendering maps/show
Completed in 10ms (View: 6, DB: 0) | 200 OK [http://localhost/]


Processing MapsController#show (for 127.0.0.1 at 2010-03-04 12:46:43) [GET]
Rendering maps/show
Completed in 3ms (View: 1, DB: 0) | 200 OK [http://localhost/]


Processing MapsController#show (for 127.0.0.1 at 2010-03-04 12:47:00) [GET]
Rendering maps/show
Completed in 3ms (View: 1, DB: 0) | 200 OK [http://localhost/]


Processing MapsController#show (for 127.0.0.1 at 2010-03-04 12:47:34) [GET]

NoMethodError (You have a nil object when you didn't expect it!
You might have expected an instance of Array.
The error occurred while evaluating nil.<<):
  app/controllers/maps_controller.rb:9:in `show'
  app/controllers/maps_controller.rb:7:in `each'
  app/controllers/maps_controller.rb:7:in `show'

Rendered rescues/_trace (41.5ms)
Rendered rescues/_request_and_response (0.3ms)
Rendering rescues/layout (internal_server_error)


Processing MapsController#show (for 127.0.0.1 at 2010-03-04 12:48:26) [GET]
Rendering maps/show
Completed in 3ms (View: 1, DB: 0) | 200 OK [http://localhost/]


Processing MapsController#show (for 127.0.0.1 at 2010-03-04 12:49:19) [GET]
Rendering maps/show
Completed in 70ms (View: 1, DB: 0) | 200 OK [http://localhost/]


Processing MapsController#show (for 127.0.0.1 at 2010-03-04 13:05:32) [GET]
Rendering maps/show
Completed in 8ms (View: 6, DB: 0) | 200 OK [http://localhost/]


Processing MapsController#show (for 127.0.0.1 at 2010-03-04 13:07:16) [GET]
Rendering maps/show
Completed in 3ms (View: 1, DB: 0) | 200 OK [http://localhost/]


Processing MapsController#show (for 127.0.0.1 at 2010-03-04 13:07:35) [GET]
Rendering maps/show
Completed in 3ms (View: 1, DB: 0) | 200 OK [http://localhost/]


Processing MapsController#show (for 127.0.0.1 at 2010-03-04 13:14:07) [GET]
Rendering maps/show
Completed in 8ms (View: 6, DB: 0) | 200 OK [http://localhost/]


Processing MapsController#show (for 127.0.0.1 at 2010-03-04 13:14:37) [GET]
Rendering maps/show
Completed in 8ms (View: 6, DB: 0) | 200 OK [http://localhost/]


Processing MapsController#show (for 127.0.0.1 at 2010-03-04 13:15:04) [GET]
Rendering maps/show
Completed in 3ms (View: 1, DB: 0) | 200 OK [http://localhost/]


Processing MapsController#show (for 127.0.0.1 at 2010-03-04 13:16:40) [GET]
Rendering maps/show
Completed in 3ms (View: 1, DB: 0) | 200 OK [http://localhost/]


Processing MapsController#show (for 127.0.0.1 at 2010-03-04 13:17:17) [GET]
Rendering maps/show
Completed in 69ms (View: 67, DB: 0) | 200 OK [http://localhost/]


Processing MapsController#show (for 127.0.0.1 at 2010-03-04 13:33:15) [GET]
Rendering maps/show
Completed in 16ms (View: 14, DB: 0) | 200 OK [http://localhost/]


Processing MapsController#show (for 127.0.0.1 at 2010-03-04 13:33:55) [GET]
Rendering maps/show
Completed in 15ms (View: 14, DB: 0) | 200 OK [http://localhost/]


Processing MapsController#show (for 127.0.0.1 at 2010-03-04 13:34:54) [GET]
Rendering maps/show
Completed in 13ms (View: 11, DB: 0) | 200 OK [http://localhost/]


Processing MapsController#show (for 127.0.0.1 at 2010-03-04 13:35:34) [GET]
Rendering maps/show
Completed in 11ms (View: 9, DB: 0) | 200 OK [http://localhost/]


Processing MapsController#show (for 127.0.0.1 at 2010-03-04 13:36:15) [GET]
Rendering maps/show
Completed in 11ms (View: 9, DB: 0) | 200 OK [http://localhost/]


Processing MapsController#show (for 127.0.0.1 at 2010-03-04 13:36:57) [GET]
Rendering maps/show
Completed in 78ms (View: 76, DB: 0) | 200 OK [http://localhost/]


Processing MapsController#show (for 127.0.0.1 at 2010-03-04 13:37:34) [GET]
Rendering maps/show
Completed in 8ms (View: 6, DB: 0) | 200 OK [http://localhost/]


Processing MapsController#show (for 127.0.0.1 at 2010-03-04 13:38:14) [GET]
Rendering maps/show
Completed in 10ms (View: 9, DB: 0) | 200 OK [http://localhost/]


Processing MapsController#show (for 127.0.0.1 at 2010-03-04 13:38:31) [GET]
Rendering maps/show
Completed in 11ms (View: 9, DB: 0) | 200 OK [http://localhost/]


Processing MapsController#show (for 127.0.0.1 at 2010-03-04 13:39:15) [GET]
Rendering maps/show
Completed in 11ms (View: 9, DB: 0) | 200 OK [http://localhost/]


Processing MapsController#show (for 127.0.0.1 at 2010-03-04 13:40:26) [GET]
Rendering maps/show
Completed in 8ms (View: 6, DB: 0) | 200 OK [http://localhost/]


Processing MapsController#show (for 127.0.0.1 at 2010-03-04 13:41:20) [GET]
Rendering maps/show
Completed in 3ms (View: 1, DB: 0) | 200 OK [http://localhost/]


Processing MapsController#show (for 127.0.0.1 at 2010-03-04 13:41:37) [GET]
Rendering maps/show
Completed in 11ms (View: 9, DB: 0) | 200 OK [http://localhost/]


Processing MapsController#show (for 127.0.0.1 at 2010-03-04 13:42:19) [GET]
Rendering maps/show
Completed in 7ms (View: 6, DB: 0) | 200 OK [http://localhost/]


Processing MapsController#show (for 127.0.0.1 at 2010-03-04 13:44:53) [GET]

TypeError (can't convert String into Hash):
  app/controllers/maps_controller.rb:10:in `merge!'
  app/controllers/maps_controller.rb:10:in `show'
  app/controllers/maps_controller.rb:8:in `each'
  app/controllers/maps_controller.rb:8:in `show'

Rendered rescues/_trace (41.8ms)
Rendered rescues/_request_and_response (0.3ms)
Rendering rescues/layout (internal_server_error)


Processing MapsController#show (for 127.0.0.1 at 2010-03-04 13:45:29) [GET]
Rendering maps/show
Completed in 3ms (View: 2, DB: 0) | 200 OK [http://localhost/]


Processing MapsController#show (for 127.0.0.1 at 2010-03-04 13:45:41) [GET]
Rendering maps/show
Completed in 11ms (View: 9, DB: 0) | 200 OK [http://localhost/]


Processing MapsController#show (for 127.0.0.1 at 2010-03-04 13:47:05) [GET]
Rendering maps/show
Completed in 14ms (View: 12, DB: 0) | 200 OK [http://localhost/]


Processing MapsController#show (for 127.0.0.1 at 2010-03-04 13:47:54) [GET]
Rendering maps/show
Completed in 81ms (View: 80, DB: 0) | 200 OK [http://localhost/]


Processing MapsController#show (for 127.0.0.1 at 2010-03-04 13:48:21) [GET]
Rendering maps/show
Completed in 11ms (View: 9, DB: 0) | 200 OK [http://localhost/]


Processing MapsController#show (for 127.0.0.1 at 2010-03-04 13:48:52) [GET]
Rendering maps/show
Completed in 11ms (View: 9, DB: 0) | 200 OK [http://localhost/]


Processing MapsController#show (for 127.0.0.1 at 2010-03-04 13:49:02) [GET]
Rendering maps/show
Completed in 10ms (View: 9, DB: 0) | 200 OK [http://localhost/]


Processing MapsController#show (for 127.0.0.1 at 2010-03-04 13:50:10) [GET]
Rendering maps/show
Completed in 11ms (View: 9, DB: 0) | 200 OK [http://localhost/]


Processing MapsController#show (for 127.0.0.1 at 2010-03-04 13:50:22) [GET]
Rendering maps/show
Completed in 11ms (View: 9, DB: 0) | 200 OK [http://localhost/]


Processing MapsController#show (for 127.0.0.1 at 2010-03-04 13:51:21) [GET]
Rendering maps/show
Completed in 11ms (View: 9, DB: 0) | 200 OK [http://localhost/]


Processing MapsController#show (for 127.0.0.1 at 2010-03-04 13:51:59) [GET]
Rendering maps/show
Completed in 83ms (View: 81, DB: 0) | 200 OK [http://localhost/]


Processing MapsController#show (for 127.0.0.1 at 2010-03-04 13:54:07) [GET]
Rendering maps/show
Completed in 8ms (View: 6, DB: 0) | 200 OK [http://localhost/]


Processing MapsController#show (for 127.0.0.1 at 2010-03-04 13:54:21) [GET]
Rendering maps/show
Completed in 8ms (View: 6, DB: 0) | 200 OK [http://localhost/]


Processing MapsController#show (for 127.0.0.1 at 2010-03-04 13:58:08) [GET]
Rendering maps/show
Completed in 8ms (View: 6, DB: 0) | 200 OK [http://localhost/]


Processing MapsController#show (for 127.0.0.1 at 2010-03-04 13:58:20) [GET]
Rendering maps/show
Completed in 10ms (View: 9, DB: 0) | 200 OK [http://localhost/]


Processing MapsController#show (for 127.0.0.1 at 2010-03-04 13:58:42) [GET]
Rendering maps/show
Completed in 11ms (View: 9, DB: 0) | 200 OK [http://localhost/]


Processing MapsController#show (for 127.0.0.1 at 2010-03-04 13:59:25) [GET]
Rendering maps/show
Completed in 14ms (View: 12, DB: 0) | 200 OK [http://localhost/]


Processing MapsController#show (for 127.0.0.1 at 2010-03-04 14:01:48) [GET]
Rendering maps/show
Completed in 79ms (View: 77, DB: 0) | 200 OK [http://localhost/]


Processing MapsController#show (for 127.0.0.1 at 2010-03-04 14:02:57) [GET]
Rendering maps/show
Completed in 4ms (View: 3, DB: 0) | 200 OK [http://localhost/]


Processing MapsController#show (for 127.0.0.1 at 2010-03-04 14:03:12) [GET]
Rendering maps/show
Completed in 8ms (View: 6, DB: 0) | 200 OK [http://localhost/]


Processing MapsController#show (for 127.0.0.1 at 2010-03-04 14:03:46) [GET]
Rendering maps/show
Completed in 3ms (View: 1, DB: 0) | 200 OK [http://localhost/]


Processing MapsController#show (for 127.0.0.1 at 2010-03-04 14:04:05) [GET]
Rendering maps/show
Completed in 11ms (View: 9, DB: 0) | 200 OK [http://localhost/]


Processing MapsController#show (for 127.0.0.1 at 2010-03-04 14:04:36) [GET]
Rendering maps/show
Completed in 6ms (View: 4, DB: 0) | 200 OK [http://localhost/]


Processing MapsController#show (for 127.0.0.1 at 2010-03-04 14:05:16) [GET]
Rendering maps/show
Completed in 8ms (View: 6, DB: 0) | 200 OK [http://localhost/]


Processing MapsController#show (for 127.0.0.1 at 2010-03-04 14:05:44) [GET]
Rendering maps/show
Completed in 3ms (View: 1, DB: 0) | 200 OK [http://localhost/]


Processing MapsController#show (for 127.0.0.1 at 2010-03-04 14:05:57) [GET]
Rendering maps/show
Completed in 11ms (View: 9, DB: 0) | 200 OK [http://localhost/]


Processing MapsController#show (for 127.0.0.1 at 2010-03-04 14:07:12) [GET]

NoMethodError (You have a nil object when you didn't expect it!
You might have expected an instance of Array.
The error occurred while evaluating nil.<<):
  app/controllers/maps_controller.rb:12:in `show'

Rendered rescues/_trace (39.4ms)
Rendered rescues/_request_and_response (0.3ms)
Rendering rescues/layout (internal_server_error)


Processing MapsController#show (for 127.0.0.1 at 2010-03-04 14:07:37) [GET]
Rendering maps/show
Completed in 7ms (View: 6, DB: 0) | 200 OK [http://localhost/]


Processing MapsController#show (for 127.0.0.1 at 2010-03-04 14:07:48) [GET]
Rendering maps/show
Completed in 11ms (View: 9, DB: 0) | 200 OK [http://localhost/]


Processing MapsController#show (for 127.0.0.1 at 2010-03-04 14:08:20) [GET]
Rendering maps/show
Completed in 11ms (View: 9, DB: 0) | 200 OK [http://localhost/]


Processing MapsController#show (for 127.0.0.1 at 2010-03-04 14:08:52) [GET]
Rendering maps/show
Completed in 12ms (View: 10, DB: 0) | 200 OK [http://localhost/]


Processing MapsController#show (for 127.0.0.1 at 2010-03-04 14:09:39) [GET]
Rendering maps/show
Completed in 82ms (View: 9, DB: 0) | 200 OK [http://localhost/]


Processing MapsController#show (for 127.0.0.1 at 2010-03-04 14:10:08) [GET]
Rendering maps/show
Completed in 11ms (View: 9, DB: 0) | 200 OK [http://localhost/]


Processing MapsController#show (for 127.0.0.1 at 2010-03-04 14:10:27) [GET]
Rendering maps/show
Completed in 11ms (View: 9, DB: 0) | 200 OK [http://localhost/]


Processing MapsController#show (for 127.0.0.1 at 2010-03-04 14:10:44) [GET]
Rendering maps/show
Completed in 11ms (View: 9, DB: 0) | 200 OK [http://localhost/]


Processing MapsController#show (for 127.0.0.1 at 2010-03-04 14:11:47) [GET]
Rendering maps/show
Completed in 11ms (View: 10, DB: 0) | 200 OK [http://localhost/]


Processing MapsController#show (for 127.0.0.1 at 2010-03-04 14:12:05) [GET]
Rendering maps/show
Completed in 11ms (View: 9, DB: 0) | 200 OK [http://localhost/]


Processing MapsController#show (for 127.0.0.1 at 2010-03-04 14:12:34) [GET]
Rendering maps/show
Completed in 11ms (View: 9, DB: 0) | 200 OK [http://localhost/]


Processing MapsController#show (for 127.0.0.1 at 2010-03-04 14:14:52) [GET]
Rendering maps/show
Completed in 11ms (View: 9, DB: 0) | 200 OK [http://localhost/]


Processing MapsController#show (for 127.0.0.1 at 2010-03-04 14:16:03) [GET]
Rendering maps/show
Completed in 13ms (View: 11, DB: 0) | 200 OK [http://localhost/]


Processing MapsController#show (for 127.0.0.1 at 2010-03-04 14:17:00) [GET]
Rendering maps/show
Completed in 11ms (View: 10, DB: 0) | 200 OK [http://localhost/]


Processing MapsController#show (for 127.0.0.1 at 2010-03-04 14:17:57) [GET]
Rendering maps/show
Completed in 23ms (View: 6, DB: 0) | 200 OK [http://localhost/]


Processing MapsController#show (for 127.0.0.1 at 2010-03-04 14:18:46) [GET]
Rendering maps/show
Completed in 12ms (View: 10, DB: 0) | 200 OK [http://localhost/]


Processing MapsController#show (for 127.0.0.1 at 2010-03-04 14:19:10) [GET]
Rendering maps/show
Completed in 13ms (View: 11, DB: 0) | 200 OK [http://localhost/]


Processing MapsController#show (for 127.0.0.1 at 2010-03-04 14:19:57) [GET]
Rendering maps/show
Completed in 80ms (View: 78, DB: 0) | 200 OK [http://localhost/]


Processing MapsController#show (for 127.0.0.1 at 2010-03-04 14:20:23) [GET]
Rendering maps/show
Completed in 13ms (View: 11, DB: 0) | 200 OK [http://localhost/]


Processing MapsController#show (for 127.0.0.1 at 2010-03-04 14:21:19) [GET]
Rendering maps/show
Completed in 12ms (View: 11, DB: 0) | 200 OK [http://localhost/]


Processing MapsController#show (for 127.0.0.1 at 2010-03-04 14:22:24) [GET]
Rendering maps/show
Completed in 12ms (View: 10, DB: 0) | 200 OK [http://localhost/]


Processing MapsController#show (for 127.0.0.1 at 2010-03-04 14:22:49) [GET]
Rendering maps/show
Completed in 12ms (View: 10, DB: 0) | 200 OK [http://localhost/]


Processing MapsController#show (for 127.0.0.1 at 2010-03-04 14:23:03) [GET]
Rendering maps/show
Completed in 14ms (View: 12, DB: 0) | 200 OK [http://localhost/]


Processing MapsController#show (for 127.0.0.1 at 2010-03-04 14:23:40) [GET]
Rendering maps/show
Completed in 12ms (View: 10, DB: 0) | 200 OK [http://localhost/]


Processing MapsController#show (for 127.0.0.1 at 2010-03-04 14:23:56) [GET]
Rendering maps/show
Completed in 11ms (View: 10, DB: 0) | 200 OK [http://localhost/]


Processing MapsController#show (for 127.0.0.1 at 2010-03-04 14:25:57) [GET]
Rendering maps/show
Completed in 11ms (View: 10, DB: 0) | 200 OK [http://localhost/]


Processing MapsController#show (for 127.0.0.1 at 2010-03-04 14:26:18) [GET]
Rendering maps/show
Completed in 12ms (View: 10, DB: 0) | 200 OK [http://localhost/]


Processing MapsController#show (for 127.0.0.1 at 2010-03-04 14:29:33) [GET]
Rendering maps/show
Completed in 13ms (View: 11, DB: 0) | 200 OK [http://localhost/]


Processing MapsController#show (for 127.0.0.1 at 2010-03-04 14:30:20) [GET]
Rendering maps/show
Completed in 12ms (View: 10, DB: 0) | 200 OK [http://localhost/]


Processing MapsController#show (for 127.0.0.1 at 2010-03-04 14:31:46) [GET]
Rendering maps/show
Completed in 12ms (View: 10, DB: 0) | 200 OK [http://localhost/]


Processing MapsController#show (for 127.0.0.1 at 2010-03-04 14:33:14) [GET]
Rendering maps/show
Completed in 14ms (View: 12, DB: 0) | 200 OK [http://localhost/]


Processing MapsController#show (for 127.0.0.1 at 2010-03-04 14:34:15) [GET]
Rendering maps/show
Completed in 12ms (View: 10, DB: 0) | 200 OK [http://localhost/]


Processing MapsController#show (for 127.0.0.1 at 2010-03-04 14:34:36) [GET]
Rendering maps/show
Completed in 12ms (View: 10, DB: 0) | 200 OK [http://localhost/]


Processing MapsController#show (for 127.0.0.1 at 2010-03-04 14:36:44) [GET]
Rendering maps/show
Completed in 36ms (View: 18, DB: 0) | 200 OK [http://localhost/]


Processing MapsController#show (for 127.0.0.1 at 2010-03-04 14:44:25) [GET]
Rendering maps/show
Completed in 26ms (View: 24, DB: 0) | 200 OK [http://localhost/]


Processing MapsController#show (for 127.0.0.1 at 2010-03-04 15:02:11) [GET]
Rendering maps/show
Completed in 20ms (View: 18, DB: 0) | 200 OK [http://localhost/]


Processing MapsController#show (for 127.0.0.1 at 2010-03-04 15:06:55) [GET]
Rendering maps/show
Completed in 44ms (View: 28, DB: 0) | 200 OK [http://localhost/]


Processing MapsController#show (for 127.0.0.1 at 2010-03-04 16:15:05) [GET]
Rendering maps/show
Completed in 73ms (View: 48, DB: 0) | 200 OK [http://localhost/]


Processing MapsController#show (for 127.0.0.1 at 2010-03-04 16:15:41) [GET]
Rendering maps/show
Completed in 101ms (View: 98, DB: 0) | 200 OK [http://localhost/]


Processing MapsController#show (for 127.0.0.1 at 2010-03-04 16:15:58) [GET]
Rendering maps/show
Completed in 30ms (View: 27, DB: 0) | 200 OK [http://localhost/]


Processing MapsController#show (for 127.0.0.1 at 2010-03-04 16:27:32) [GET]
Rendering maps/show
Completed in 29ms (View: 27, DB: 0) | 200 OK [http://localhost/]


Processing MapsController#show (for 127.0.0.1 at 2010-03-04 16:28:01) [GET]
Rendering maps/show
Completed in 100ms (View: 98, DB: 0) | 200 OK [http://localhost/]


Processing MapsController#show (for 127.0.0.1 at 2010-03-05 10:04:01) [GET]
Rendering maps/show
Completed in 189ms (View: 141, DB: 0) | 200 OK [http://localhost/]


Processing MapsController#show (for 127.0.0.1 at 2010-03-05 10:31:59) [GET]
Rendering maps/show
Completed in 155ms (View: 107, DB: 0) | 200 OK [http://localhost/]


Processing MapsController#show (for 127.0.0.1 at 2010-03-05 10:50:01) [GET]
Rendering maps/show
Completed in 10ms (View: 8, DB: 0) | 200 OK [http://localhost/]


Processing MapsController#show (for 127.0.0.1 at 2010-03-05 10:53:49) [GET]
Rendering maps/show
Completed in 8ms (View: 6, DB: 0) | 200 OK [http://localhost/]


Processing MapsController#show (for 127.0.0.1 at 2010-03-05 10:55:08) [GET]
Rendering maps/show
Completed in 8ms (View: 5, DB: 0) | 200 OK [http://localhost/]


Processing MapsController#show (for 127.0.0.1 at 2010-03-05 10:55:30) [GET]
Rendering maps/show
Completed in 8ms (View: 6, DB: 0) | 200 OK [http://localhost/]


Processing MapsController#show (for 127.0.0.1 at 2010-03-05 10:55:41) [GET]
Rendering maps/show
Completed in 8ms (View: 6, DB: 0) | 200 OK [http://localhost/]


Processing MapsController#show (for 127.0.0.1 at 2010-03-05 10:56:01) [GET]
Rendering maps/show
Completed in 8ms (View: 6, DB: 0) | 200 OK [http://localhost/]


Processing MapsController#show (for 127.0.0.1 at 2010-03-05 11:02:25) [GET]
Rendering maps/show
Completed in 9ms (View: 6, DB: 0) | 200 OK [http://localhost/]


Processing MapsController#show (for 127.0.0.1 at 2010-03-05 11:03:01) [GET]
Rendering maps/show
Completed in 73ms (View: 70, DB: 0) | 200 OK [http://localhost/]


Processing MapsController#show (for 127.0.0.1 at 2010-03-05 11:03:44) [GET]
Rendering maps/show
Completed in 8ms (View: 6, DB: 0) | 200 OK [http://localhost/]


Processing MapsController#show (for 127.0.0.1 at 2010-03-05 11:04:57) [GET]
Rendering maps/show
Completed in 8ms (View: 5, DB: 0) | 200 OK [http://localhost/]


Processing MapsController#show (for 127.0.0.1 at 2010-03-05 11:06:54) [GET]
Rendering maps/show
Completed in 8ms (View: 6, DB: 0) | 200 OK [http://localhost/]


Processing MapsController#show (for 127.0.0.1 at 2010-03-05 11:07:45) [GET]
Rendering maps/show
Completed in 8ms (View: 5, DB: 0) | 200 OK [http://localhost/]


Processing MapsController#show (for 127.0.0.1 at 2010-03-05 11:09:14) [GET]
Rendering maps/show
Completed in 8ms (View: 6, DB: 0) | 200 OK [http://localhost/]


Processing MapsController#show (for 127.0.0.1 at 2010-03-05 11:10:50) [GET]
Rendering maps/show
Completed in 8ms (View: 6, DB: 0) | 200 OK [http://localhost/]


Processing MapsController#show (for 127.0.0.1 at 2010-03-05 11:11:43) [GET]
Rendering maps/show
Completed in 9ms (View: 6, DB: 0) | 200 OK [http://localhost/]


Processing MapsController#show (for 127.0.0.1 at 2010-03-05 11:11:56) [GET]
Rendering maps/show
Completed in 73ms (View: 5, DB: 0) | 200 OK [http://localhost/]


Processing MapsController#show (for 127.0.0.1 at 2010-03-05 11:12:57) [GET]
Rendering maps/show
Completed in 8ms (View: 6, DB: 0) | 200 OK [http://localhost/]


Processing MapsController#show (for 127.0.0.1 at 2010-03-05 11:13:50) [GET]
Rendering maps/show
Completed in 3ms (View: 1, DB: 0) | 200 OK [http://localhost/]


Processing MapsController#show (for 127.0.0.1 at 2010-03-05 11:14:08) [GET]
Rendering maps/show
Completed in 7ms (View: 5, DB: 0) | 200 OK [http://localhost/]


Processing MapsController#show (for 127.0.0.1 at 2010-03-05 11:14:21) [GET]
Rendering maps/show
Completed in 8ms (View: 5, DB: 0) | 200 OK [http://localhost/]


Processing MapsController#show (for 127.0.0.1 at 2010-03-05 11:14:42) [GET]
Rendering maps/show
Completed in 8ms (View: 5, DB: 0) | 200 OK [http://localhost/]


Processing MapsController#show (for 127.0.0.1 at 2010-03-05 11:17:05) [GET]
Rendering maps/show
Completed in 8ms (View: 5, DB: 0) | 200 OK [http://localhost/]


Processing MapsController#show (for 127.0.0.1 at 2010-03-05 11:17:51) [GET]
Rendering maps/show
Completed in 7ms (View: 5, DB: 0) | 200 OK [http://localhost/]


Processing MapsController#show (for 127.0.0.1 at 2010-03-05 11:18:36) [GET]
Rendering maps/show
Completed in 72ms (View: 70, DB: 0) | 200 OK [http://localhost/]


Processing MapsController#show (for 127.0.0.1 at 2010-03-05 11:22:34) [GET]
Rendering maps/show
Completed in 7ms (View: 5, DB: 0) | 200 OK [http://localhost/]


Processing MapsController#show (for 127.0.0.1 at 2010-03-05 11:23:10) [GET]
Rendering maps/show
Completed in 8ms (View: 6, DB: 0) | 200 OK [http://localhost/]


Processing MapsController#show (for 127.0.0.1 at 2010-03-05 11:23:59) [GET]
Rendering maps/show
Completed in 8ms (View: 5, DB: 0) | 200 OK [http://localhost/]


Processing MapsController#show (for 127.0.0.1 at 2010-03-05 11:24:17) [GET]
Rendering maps/show
Completed in 8ms (View: 6, DB: 0) | 200 OK [http://localhost/]


Processing MapsController#show (for 127.0.0.1 at 2010-03-05 11:25:22) [GET]
Rendering maps/show
Completed in 8ms (View: 6, DB: 0) | 200 OK [http://localhost/]


Processing MapsController#show (for 127.0.0.1 at 2010-03-05 11:25:35) [GET]
Rendering maps/show
Completed in 8ms (View: 6, DB: 0) | 200 OK [http://localhost/]


Processing MapsController#show (for 127.0.0.1 at 2010-03-05 11:25:49) [GET]
Rendering maps/show
Completed in 8ms (View: 5, DB: 0) | 200 OK [http://localhost/]


Processing MapsController#show (for 127.0.0.1 at 2010-03-05 11:26:01) [GET]
Rendering maps/show
Completed in 73ms (View: 5, DB: 0) | 200 OK [http://localhost/]


Processing MapsController#show (for 127.0.0.1 at 2010-03-05 11:26:12) [GET]
Rendering maps/show
Completed in 8ms (View: 6, DB: 0) | 200 OK [http://localhost/]


Processing MapsController#show (for 127.0.0.1 at 2010-03-05 11:26:57) [GET]
Rendering maps/show
Completed in 8ms (View: 5, DB: 0) | 200 OK [http://localhost/]


Processing MapsController#show (for 127.0.0.1 at 2010-03-05 11:29:19) [GET]
Rendering maps/show
Completed in 8ms (View: 5, DB: 0) | 200 OK [http://localhost/]


Processing MapsController#show (for 127.0.0.1 at 2010-03-05 11:29:43) [GET]
Rendering maps/show
Completed in 7ms (View: 5, DB: 0) | 200 OK [http://localhost/]


Processing MapsController#show (for 127.0.0.1 at 2010-03-05 11:30:15) [GET]
Rendering maps/show
Completed in 8ms (View: 6, DB: 0) | 200 OK [http://localhost/]


Processing MapsController#show (for 127.0.0.1 at 2010-03-05 11:41:32) [GET]
Rendering maps/show
Completed in 7ms (View: 6, DB: 0) | 200 OK [http://localhost/]


Processing MapsController#show (for 127.0.0.1 at 2010-03-05 11:41:43) [GET]
Rendering maps/show
Completed in 8ms (View: 6, DB: 0) | 200 OK [http://localhost/]


Processing MapsController#show (for 127.0.0.1 at 2010-03-05 11:42:39) [GET]
Rendering maps/show
Completed in 7ms (View: 6, DB: 0) | 200 OK [http://localhost/]


Processing MapsController#show (for 127.0.0.1 at 2010-03-05 11:43:10) [GET]
Rendering maps/show
Completed in 7ms (View: 6, DB: 0) | 200 OK [http://localhost/]


Processing MapsController#show (for 127.0.0.1 at 2010-03-05 11:43:37) [GET]
Rendering maps/show
Completed in 8ms (View: 6, DB: 0) | 200 OK [http://localhost/]


Processing MapsController#show (for 127.0.0.1 at 2010-03-05 11:45:15) [GET]
Rendering maps/show
Completed in 10ms (View: 9, DB: 0) | 200 OK [http://localhost/]


Processing MapsController#show (for 127.0.0.1 at 2010-03-05 11:46:05) [GET]
Rendering maps/show
Completed in 30ms (View: 27, DB: 0) | 200 OK [http://localhost/]


Processing MapsController#show (for 127.0.0.1 at 2010-03-05 11:48:44) [GET]
Rendering maps/show
Completed in 99ms (View: 97, DB: 0) | 200 OK [http://localhost/]


Processing MapsController#show (for 127.0.0.1 at 2010-03-05 11:49:59) [GET]
Rendering maps/show
Completed in 31ms (View: 29, DB: 0) | 200 OK [http://localhost/]


Processing MapsController#show (for 127.0.0.1 at 2010-03-05 11:50:37) [GET]
Rendering maps/show
Completed in 29ms (View: 27, DB: 0) | 200 OK [http://localhost/]


Processing MapsController#show (for 127.0.0.1 at 2010-03-05 11:54:18) [GET]
Rendering maps/show
Completed in 97ms (View: 94, DB: 0) | 200 OK [http://localhost/]


Processing MapsController#show (for 127.0.0.1 at 2010-03-05 11:55:06) [GET]
Rendering maps/show
Completed in 29ms (View: 27, DB: 0) | 200 OK [http://localhost/]


Processing MapsController#show (for 127.0.0.1 at 2010-03-05 11:56:37) [GET]
Rendering maps/show
Completed in 29ms (View: 27, DB: 0) | 200 OK [http://localhost/]


Processing MapsController#show (for 127.0.0.1 at 2010-03-05 11:56:59) [GET]
Rendering maps/show
Completed in 98ms (View: 96, DB: 0) | 200 OK [http://localhost/]


Processing MapsController#show (for 127.0.0.1 at 2010-03-05 11:59:49) [GET]
Rendering maps/show
Completed in 28ms (View: 26, DB: 0) | 200 OK [http://localhost/]


Processing MapsController#show (for 127.0.0.1 at 2010-03-05 12:00:45) [GET]
Rendering maps/show
Completed in 29ms (View: 27, DB: 0) | 200 OK [http://localhost/]


Processing MapsController#show (for 127.0.0.1 at 2010-03-05 12:01:20) [GET]
Rendering maps/show
Completed in 29ms (View: 27, DB: 0) | 200 OK [http://localhost/]


Processing MapsController#show (for 127.0.0.1 at 2010-03-05 12:33:24) [GET]
Rendering maps/show
Completed in 52ms (View: 29, DB: 0) | 200 OK [http://localhost/]


Processing MapsController#show (for 127.0.0.1 at 2010-03-05 13:43:54) [GET]
Rendering maps/show
Completed in 75ms (View: 73, DB: 0) | 200 OK [http://localhost/]


Processing MapsController#show (for 127.0.0.1 at 2010-03-05 14:34:13) [GET]

Errno::ENOENT (No such file or directory - public/boundaries/0.json):
  app/controllers/maps_controller.rb:12:in `initialize'
  app/controllers/maps_controller.rb:12:in `open'
  app/controllers/maps_controller.rb:12:in `show'
  app/controllers/maps_controller.rb:10:in `each'
  app/controllers/maps_controller.rb:10:in `each_with_index'
  app/controllers/maps_controller.rb:10:in `show'

Rendered rescues/_trace (119.4ms)
Rendered rescues/_request_and_response (1.3ms)
Rendering rescues/layout (internal_server_error)


Processing MapsController#show (for 127.0.0.1 at 2010-03-05 14:34:55) [GET]
Rendering maps/show
Completed in 31ms (View: 29, DB: 0) | 200 OK [http://localhost/]


Processing ApplicationController#show (for 127.0.0.1 at 2010-03-05 14:37:01) [GET]

SyntaxError (/Users/ingrid/development/maps_test/app/controllers/maps_controller.rb:12: syntax error, unexpected tASSOC, expecting '}'
...  @boundaries.merge!{'code' => {'values' => open(url).read, ...
                              ^):
  

Rendered rescues/_trace (38.2ms)
Rendered rescues/_request_and_response (0.3ms)
Rendering rescues/layout (internal_server_error)


Processing MapsController#show (for 127.0.0.1 at 2010-03-05 14:38:20) [GET]
Rendering maps/show
Completed in 5ms (View: 2, DB: 0) | 200 OK [http://localhost/]


Processing MapsController#show (for 127.0.0.1 at 2010-03-05 14:38:36) [GET]
Rendering maps/show
Completed in 5ms (View: 2, DB: 0) | 200 OK [http://localhost/]


Processing MapsController#show (for 127.0.0.1 at 2010-03-05 14:39:06) [GET]
Rendering maps/show
Completed in 9ms (View: 7, DB: 0) | 200 OK [http://localhost/]


Processing MapsController#show (for 127.0.0.1 at 2010-03-05 14:39:48) [GET]
Rendering maps/show
Completed in 4ms (View: 1, DB: 0) | 200 OK [http://localhost/]


Processing MapsController#show (for 127.0.0.1 at 2010-03-05 14:40:06) [GET]
Rendering maps/show
Completed in 5ms (View: 3, DB: 0) | 200 OK [http://localhost/]


Processing MapsController#show (for 127.0.0.1 at 2010-03-05 14:40:39) [GET]
Rendering maps/show
Completed in 5ms (View: 2, DB: 0) | 200 OK [http://localhost/]


Processing MapsController#show (for 127.0.0.1 at 2010-03-05 14:41:28) [GET]
Rendering maps/show
Completed in 36ms (View: 24, DB: 0) | 200 OK [http://localhost/]


Processing MapsController#show (for 127.0.0.1 at 2010-03-05 14:42:26) [GET]
Rendering maps/show
Completed in 105ms (View: 95, DB: 0) | 200 OK [http://localhost/]


Processing MapsController#show (for 127.0.0.1 at 2010-03-05 14:42:49) [GET]
Rendering maps/show
Completed in 41ms (View: 28, DB: 0) | 200 OK [http://localhost/]


Processing MapsController#show (for 127.0.0.1 at 2010-03-05 14:43:14) [GET]
Rendering maps/show
Completed in 118ms (View: 107, DB: 0) | 200 OK [http://localhost/]


Processing MapsController#show (for 127.0.0.1 at 2010-03-05 14:43:42) [GET]
Rendering maps/show
Completed in 43ms (View: 29, DB: 0) | 200 OK [http://localhost/]


Processing MapsController#show (for 127.0.0.1 at 2010-03-05 14:43:59) [GET]
Rendering maps/show
Completed in 40ms (View: 28, DB: 0) | 200 OK [http://localhost/]


Processing MapsController#show (for 127.0.0.1 at 2010-03-05 14:49:09) [GET]
Rendering maps/show
Completed in 43ms (View: 30, DB: 0) | 200 OK [http://localhost/]


Processing MapsController#show (for 127.0.0.1 at 2010-03-05 14:50:17) [GET]
Rendering maps/show
Completed in 39ms (View: 28, DB: 0) | 200 OK [http://localhost/]


Processing MapsController#show (for 127.0.0.1 at 2010-03-05 14:50:38) [GET]
Rendering maps/show
Completed in 99ms (View: 28, DB: 0) | 200 OK [http://localhost/]


Processing MapsController#show (for 127.0.0.1 at 2010-03-05 14:53:54) [GET]
Rendering maps/show
Completed in 39ms (View: 28, DB: 0) | 200 OK [http://localhost/]


Processing MapsController#show (for 127.0.0.1 at 2010-03-05 14:55:17) [GET]
Rendering maps/show
Completed in 107ms (View: 96, DB: 0) | 200 OK [http://localhost/]


Processing MapsController#show (for 127.0.0.1 at 2010-03-05 14:56:59) [GET]
Rendering maps/show
Completed in 42ms (View: 29, DB: 0) | 200 OK [http://localhost/]


Processing MapsController#show (for 127.0.0.1 at 2010-03-05 14:57:39) [GET]
Rendering maps/show
Completed in 110ms (View: 96, DB: 0) | 200 OK [http://localhost/]


Processing MapsController#show (for 127.0.0.1 at 2010-03-05 14:58:46) [GET]
Rendering maps/show
Completed in 39ms (View: 28, DB: 0) | 200 OK [http://localhost/]


Processing MapsController#show (for 127.0.0.1 at 2010-03-05 15:00:10) [GET]
Rendering maps/show
Completed in 40ms (View: 29, DB: 0) | 200 OK [http://localhost/]


Processing MapsController#show (for 127.0.0.1 at 2010-03-05 15:04:19) [GET]
Rendering maps/show
Completed in 37ms (View: 28, DB: 0) | 200 OK [http://localhost/]


Processing MapsController#show (for 127.0.0.1 at 2010-03-05 15:06:05) [GET]
Rendering maps/show
Completed in 39ms (View: 28, DB: 0) | 200 OK [http://localhost/]


Processing MapsController#show (for 127.0.0.1 at 2010-03-05 15:06:37) [GET]
Rendering maps/show
Completed in 100ms (View: 28, DB: 0) | 200 OK [http://localhost/]


Processing MapsController#show (for 127.0.0.1 at 2010-03-05 15:07:26) [GET]
Rendering maps/show
Completed in 39ms (View: 28, DB: 0) | 200 OK [http://localhost/]


Processing MapsController#show (for 127.0.0.1 at 2010-03-05 15:07:40) [GET]
Rendering maps/show
Completed in 106ms (View: 96, DB: 0) | 200 OK [http://localhost/]


Processing MapsController#show (for 127.0.0.1 at 2010-03-05 15:08:47) [GET]
Rendering maps/show
Completed in 40ms (View: 29, DB: 0) | 200 OK [http://localhost/]


Processing MapsController#show (for 127.0.0.1 at 2010-03-05 15:10:05) [GET]
Rendering maps/show
Completed in 105ms (View: 93, DB: 0) | 200 OK [http://localhost/]


Processing MapsController#show (for 127.0.0.1 at 2010-03-05 15:10:34) [GET]
Rendering maps/show
Completed in 43ms (View: 30, DB: 0) | 200 OK [http://localhost/]


Processing MapsController#show (for 127.0.0.1 at 2010-03-05 15:12:50) [GET]
Rendering maps/show
Completed in 41ms (View: 29, DB: 0) | 200 OK [http://localhost/]


Processing MapsController#show (for 127.0.0.1 at 2010-03-05 15:13:01) [GET]
Rendering maps/show
Completed in 103ms (View: 29, DB: 0) | 200 OK [http://localhost/]


Processing MapsController#show (for 127.0.0.1 at 2010-03-05 15:13:30) [GET]
Rendering maps/show
Completed in 41ms (View: 29, DB: 0) | 200 OK [http://localhost/]


Processing MapsController#show (for 127.0.0.1 at 2010-03-05 15:14:02) [GET]
Rendering maps/show
Completed in 85ms (View: 74, DB: 0) | 200 OK [http://localhost/]


Processing MapsController#show (for 127.0.0.1 at 2010-03-05 15:14:42) [GET]
Rendering maps/show
Completed in 31ms (View: 29, DB: 0) | 200 OK [http://localhost/]


Processing MapsController#show (for 127.0.0.1 at 2010-03-05 15:15:11) [GET]
Rendering maps/show
Completed in 30ms (View: 28, DB: 0) | 200 OK [http://localhost/]


Processing MapsController#show (for 127.0.0.1 at 2010-03-05 15:16:34) [GET]
Rendering maps/show
Completed in 97ms (View: 94, DB: 0) | 200 OK [http://localhost/]


Processing MapsController#show (for 127.0.0.1 at 2010-03-05 15:17:43) [GET]
Rendering maps/show
Completed in 30ms (View: 28, DB: 0) | 200 OK [http://localhost/]


Processing MapsController#show (for 127.0.0.1 at 2010-03-05 15:18:24) [GET]
Rendering maps/show
Completed in 31ms (View: 29, DB: 0) | 200 OK [http://localhost/]


Processing MapsController#show (for 127.0.0.1 at 2010-03-05 15:19:29) [GET]
Rendering maps/show
Completed in 97ms (View: 94, DB: 0) | 200 OK [http://localhost/]


Processing MapsController#show (for 127.0.0.1 at 2010-03-05 15:20:14) [GET]
Rendering maps/show
Completed in 31ms (View: 29, DB: 0) | 200 OK [http://localhost/]


Processing MapsController#show (for 127.0.0.1 at 2010-03-05 15:20:46) [GET]
Rendering maps/show
Completed in 26ms (View: 23, DB: 0) | 200 OK [http://localhost/]


Processing MapsController#show (for 127.0.0.1 at 2010-03-05 15:21:40) [GET]
Rendering maps/show
Completed in 25ms (View: 22, DB: 0) | 200 OK [http://localhost/]


Processing MapsController#show (for 127.0.0.1 at 2010-03-05 15:22:25) [GET]
Rendering maps/show
Completed in 26ms (View: 24, DB: 0) | 200 OK [http://localhost/]


Processing MapsController#show (for 127.0.0.1 at 2010-03-05 15:23:33) [GET]
Rendering maps/show
Completed in 31ms (View: 29, DB: 0) | 200 OK [http://localhost/]


Processing MapsController#show (for 127.0.0.1 at 2010-03-05 15:25:30) [GET]
Rendering maps/show
Completed in 97ms (View: 28, DB: 0) | 200 OK [http://localhost/]


Processing MapsController#show (for 127.0.0.1 at 2010-03-05 15:26:13) [GET]
Rendering maps/show
Completed in 31ms (View: 28, DB: 0) | 200 OK [http://localhost/]


Processing MapsController#show (for 127.0.0.1 at 2010-03-05 15:26:31) [GET]
Rendering maps/show
Completed in 31ms (View: 28, DB: 0) | 200 OK [http://localhost/]


Processing MapsController#show (for 127.0.0.1 at 2010-03-05 15:26:45) [GET]
Rendering maps/show
Completed in 31ms (View: 29, DB: 0) | 200 OK [http://localhost/]


Processing MapsController#show (for 127.0.0.1 at 2010-03-05 15:27:00) [GET]
Rendering maps/show
Completed in 31ms (View: 28, DB: 0) | 200 OK [http://localhost/]


Processing MapsController#show (for 127.0.0.1 at 2010-03-05 15:27:32) [GET]
Rendering maps/show
Completed in 100ms (View: 97, DB: 0) | 200 OK [http://localhost/]


Processing MapsController#show (for 127.0.0.1 at 2010-03-05 15:28:21) [GET]
Rendering maps/show
Completed in 26ms (View: 24, DB: 0) | 200 OK [http://localhost/]


Processing MapsController#show (for 127.0.0.1 at 2010-03-05 15:28:33) [GET]
Rendering maps/show
Completed in 31ms (View: 29, DB: 0) | 200 OK [http://localhost/]


Processing MapsController#show (for 127.0.0.1 at 2010-03-05 15:28:46) [GET]
Rendering maps/show
Completed in 97ms (View: 95, DB: 0) | 200 OK [http://localhost/]


Processing MapsController#show (for 127.0.0.1 at 2010-03-05 15:29:03) [GET]
Rendering maps/show
Completed in 31ms (View: 28, DB: 0) | 200 OK [http://localhost/]


Processing MapsController#show (for 127.0.0.1 at 2010-03-05 15:29:23) [GET]
Rendering maps/show
Completed in 31ms (View: 28, DB: 0) | 200 OK [http://localhost/]


Processing MapsController#show (for 127.0.0.1 at 2010-03-05 15:29:34) [GET]
Rendering maps/show
Completed in 95ms (View: 93, DB: 0) | 200 OK [http://localhost/]


Processing MapsController#show (for 127.0.0.1 at 2010-03-05 15:30:09) [GET]
Rendering maps/show
Completed in 30ms (View: 28, DB: 0) | 200 OK [http://localhost/]


Processing MapsController#show (for 127.0.0.1 at 2010-03-05 15:30:24) [GET]
Rendering maps/show
Completed in 31ms (View: 29, DB: 0) | 200 OK [http://localhost/]


Processing MapsController#show (for 127.0.0.1 at 2010-03-05 15:32:01) [GET]
Rendering maps/show
Completed in 99ms (View: 29, DB: 0) | 200 OK [http://localhost/]


Processing MapsController#show (for 127.0.0.1 at 2010-03-05 15:32:39) [GET]
Rendering maps/show
Completed in 30ms (View: 28, DB: 0) | 200 OK [http://localhost/]


Processing MapsController#show (for 127.0.0.1 at 2010-03-05 15:33:03) [GET]
Rendering maps/show
Completed in 31ms (View: 28, DB: 0) | 200 OK [http://localhost/]


Processing MapsController#show (for 127.0.0.1 at 2010-03-05 15:33:18) [GET]
Rendering maps/show
Completed in 31ms (View: 29, DB: 0) | 200 OK [http://localhost/]


Processing MapsController#show (for 127.0.0.1 at 2010-03-05 15:33:55) [GET]
Rendering maps/show

ActionView::TemplateError (undefined local variable or method `item' for #<ActionView::Base:0x1035f0448>) on line #17 of app/views/maps/show.html.erb:
14: 		var boundaries = <%= @boundaries.to_json %>;
15: 		//console.log(boundaries);
16: 		jQuery.each(boundaries, function(i,item){
17: 			s = <%= item.json %>;
18: 			console.log(s);
19: 			obj = eval("(" + item.values + ")");
20: 			precinct.stroke = item.stroke;

    app/views/maps/show.html.erb:17

Rendered rescues/_trace (49.2ms)
Rendered rescues/_request_and_response (0.3ms)
Rendering rescues/layout (internal_server_error)


Processing MapsController#show (for 127.0.0.1 at 2010-03-05 15:35:17) [GET]
Rendering maps/show
Completed in 31ms (View: 28, DB: 0) | 200 OK [http://localhost/]


Processing MapsController#show (for 127.0.0.1 at 2010-03-05 15:35:38) [GET]
Rendering maps/show
Completed in 106ms (View: 104, DB: 0) | 200 OK [http://localhost/]


Processing MapsController#show (for 127.0.0.1 at 2010-03-05 15:36:16) [GET]
Rendering maps/show
Completed in 31ms (View: 29, DB: 0) | 200 OK [http://localhost/]


Processing MapsController#show (for 127.0.0.1 at 2010-03-05 15:36:52) [GET]
Rendering maps/show
Completed in 31ms (View: 29, DB: 0) | 200 OK [http://localhost/]


Processing MapsController#show (for 127.0.0.1 at 2010-03-05 15:39:13) [GET]
Rendering maps/show
Completed in 96ms (View: 94, DB: 0) | 200 OK [http://localhost/]


Processing MapsController#show (for 127.0.0.1 at 2010-03-05 15:39:44) [GET]
Rendering maps/show
Completed in 31ms (View: 29, DB: 0) | 200 OK [http://localhost/]


Processing MapsController#show (for 127.0.0.1 at 2010-03-05 15:40:53) [GET]
Rendering maps/show
Completed in 31ms (View: 28, DB: 0) | 200 OK [http://localhost/]


Processing MapsController#show (for 127.0.0.1 at 2010-03-05 15:41:05) [GET]
Rendering maps/show
Completed in 100ms (View: 28, DB: 0) | 200 OK [http://localhost/]


Processing MapsController#show (for 127.0.0.1 at 2010-03-05 15:41:59) [GET]
Rendering maps/show
Completed in 31ms (View: 29, DB: 0) | 200 OK [http://localhost/]


Processing MapsController#show (for 127.0.0.1 at 2010-03-05 15:42:14) [GET]
Rendering maps/show
Completed in 30ms (View: 27, DB: 0) | 200 OK [http://localhost/]


Processing MapsController#show (for 127.0.0.1 at 2010-03-05 15:42:45) [GET]
Rendering maps/show
Completed in 25ms (View: 23, DB: 0) | 200 OK [http://localhost/]


Processing MapsController#show (for 127.0.0.1 at 2010-03-05 15:44:10) [GET]
Rendering maps/show
Completed in 31ms (View: 28, DB: 0) | 200 OK [http://localhost/]


Processing MapsController#show (for 127.0.0.1 at 2010-03-05 15:45:20) [GET]
Rendering maps/show
Completed in 145ms (View: 122, DB: 0) | 200 OK [http://localhost/]


Processing MapsController#show (for 127.0.0.1 at 2010-03-05 15:45:52) [GET]
Rendering maps/show
Completed in 71ms (View: 48, DB: 0) | 200 OK [http://localhost/]


Processing MapsController#show (for 127.0.0.1 at 2010-03-05 15:46:54) [GET]
Rendering maps/show
Completed in 30ms (View: 28, DB: 0) | 200 OK [http://localhost/]


Processing MapsController#show (for 127.0.0.1 at 2010-03-05 15:48:34) [GET]
Rendering maps/show
Completed in 31ms (View: 28, DB: 0) | 200 OK [http://localhost/]


Processing MapsController#show (for 127.0.0.1 at 2010-03-05 15:49:14) [GET]
Rendering maps/show
Completed in 30ms (View: 28, DB: 0) | 200 OK [http://localhost/]


Processing MapsController#show (for 127.0.0.1 at 2010-03-05 15:51:33) [GET]
Rendering maps/show
Completed in 99ms (View: 97, DB: 0) | 200 OK [http://localhost/]


Processing MapsController#show (for 127.0.0.1 at 2010-03-05 15:52:25) [GET]
Rendering maps/show
Completed in 32ms (View: 30, DB: 0) | 200 OK [http://localhost/]


Processing MapsController#show (for 127.0.0.1 at 2010-03-05 15:52:48) [GET]
Rendering maps/show
Completed in 32ms (View: 29, DB: 0) | 200 OK [http://localhost/]


Processing MapsController#show (for 127.0.0.1 at 2010-03-05 15:54:22) [GET]
Rendering maps/show
Completed in 98ms (View: 96, DB: 0) | 200 OK [http://localhost/]


Processing MapsController#show (for 127.0.0.1 at 2010-03-05 15:54:54) [GET]
Rendering maps/show
Completed in 31ms (View: 29, DB: 0) | 200 OK [http://localhost/]


Processing MapsController#show (for 127.0.0.1 at 2010-03-05 15:55:47) [GET]
Rendering maps/show
Completed in 30ms (View: 28, DB: 0) | 200 OK [http://localhost/]


Processing MapsController#show (for 127.0.0.1 at 2010-03-05 15:56:44) [GET]
Rendering maps/show
Completed in 97ms (View: 95, DB: 0) | 200 OK [http://localhost/]


Processing MapsController#show (for 127.0.0.1 at 2010-03-05 15:57:38) [GET]
Rendering maps/show
Completed in 31ms (View: 28, DB: 0) | 200 OK [http://localhost/]


Processing MapsController#show (for 127.0.0.1 at 2010-03-05 15:59:09) [GET]
Rendering maps/show
Completed in 31ms (View: 28, DB: 0) | 200 OK [http://localhost/]


Processing MapsController#show (for 127.0.0.1 at 2010-03-05 15:59:21) [GET]
Rendering maps/show
Completed in 99ms (View: 97, DB: 0) | 200 OK [http://localhost/]


Processing MapsController#show (for 127.0.0.1 at 2010-03-05 16:00:40) [GET]
Rendering maps/show
Completed in 30ms (View: 28, DB: 0) | 200 OK [http://localhost/]


Processing MapsController#show (for 127.0.0.1 at 2010-03-05 16:01:12) [GET]
Rendering maps/show
Completed in 30ms (View: 28, DB: 0) | 200 OK [http://localhost/]


Processing MapsController#show (for 127.0.0.1 at 2010-03-05 16:05:50) [GET]
Rendering maps/show
Completed in 31ms (View: 28, DB: 0) | 200 OK [http://localhost/]


Processing MapsController#show (for 127.0.0.1 at 2010-03-05 16:06:08) [GET]
Rendering maps/show
Completed in 30ms (View: 28, DB: 0) | 200 OK [http://localhost/]


Processing MapsController#show (for 127.0.0.1 at 2010-03-05 16:06:29) [GET]
Rendering maps/show
Completed in 101ms (View: 98, DB: 0) | 200 OK [http://localhost/]


Processing MapsController#show (for 127.0.0.1 at 2010-03-05 16:06:52) [GET]
Rendering maps/show
Completed in 31ms (View: 29, DB: 0) | 200 OK [http://localhost/]


Processing MapsController#show (for 127.0.0.1 at 2010-03-05 16:11:43) [GET]
Rendering maps/show
Completed in 30ms (View: 28, DB: 0) | 200 OK [http://localhost/]


Processing MapsController#show (for 127.0.0.1 at 2010-03-05 16:18:16) [GET]
Rendering maps/show
Completed in 101ms (View: 99, DB: 0) | 200 OK [http://localhost/]


Processing MapsController#show (for 127.0.0.1 at 2010-03-05 16:18:50) [GET]
Rendering maps/show
Completed in 32ms (View: 30, DB: 0) | 200 OK [http://localhost/]


Processing MapsController#show (for 127.0.0.1 at 2010-03-05 16:19:10) [GET]
Rendering maps/show
Completed in 26ms (View: 24, DB: 0) | 200 OK [http://localhost/]


Processing MapsController#show (for 127.0.0.1 at 2010-03-05 16:19:29) [GET]
Rendering maps/show
Completed in 97ms (View: 94, DB: 0) | 200 OK [http://localhost/]


Processing MapsController#show (for 127.0.0.1 at 2010-03-05 16:19:59) [GET]
Rendering maps/show
Completed in 31ms (View: 29, DB: 0) | 200 OK [http://localhost/]


Processing MapsController#show (for 127.0.0.1 at 2010-03-05 16:20:10) [GET]
Rendering maps/show
Completed in 30ms (View: 28, DB: 0) | 200 OK [http://localhost/]


Processing MapsController#show (for 127.0.0.1 at 2010-03-05 16:21:10) [GET]
Rendering maps/show
Completed in 97ms (View: 95, DB: 0) | 200 OK [http://localhost/]


Processing MapsController#show (for 127.0.0.1 at 2010-03-05 16:21:20) [GET]
Rendering maps/show
Completed in 32ms (View: 30, DB: 0) | 200 OK [http://localhost/]


Processing MapsController#show (for 127.0.0.1 at 2010-03-05 16:21:28) [GET]
Rendering maps/show
Completed in 31ms (View: 28, DB: 0) | 200 OK [http://localhost/]


Processing MapsController#show (for 127.0.0.1 at 2010-03-05 16:21:46) [GET]
Rendering maps/show
Completed in 98ms (View: 96, DB: 0) | 200 OK [http://localhost/]


Processing MapsController#show (for 127.0.0.1 at 2010-03-05 16:21:56) [GET]
Rendering maps/show
Completed in 31ms (View: 29, DB: 0) | 200 OK [http://localhost/]


Processing MapsController#show (for 127.0.0.1 at 2010-03-05 16:22:31) [GET]
Rendering maps/show
Completed in 31ms (View: 28, DB: 0) | 200 OK [http://localhost/]


Processing MapsController#show (for 127.0.0.1 at 2010-03-05 16:22:47) [GET]
Rendering maps/show
Completed in 99ms (View: 97, DB: 0) | 200 OK [http://localhost/]


Processing MapsController#show (for 127.0.0.1 at 2010-03-05 16:27:45) [GET]
Rendering maps/show
Completed in 30ms (View: 28, DB: 0) | 200 OK [http://localhost/]


Processing MapsController#show (for 127.0.0.1 at 2010-03-05 16:28:06) [GET]
Rendering maps/show
Completed in 31ms (View: 29, DB: 0) | 200 OK [http://localhost/]


Processing MapsController#show (for 127.0.0.1 at 2010-03-05 16:30:42) [GET]
Rendering maps/show
Completed in 31ms (View: 29, DB: 0) | 200 OK [http://localhost/]


Processing MapsController#show (for 127.0.0.1 at 2010-03-05 16:33:50) [GET]
Rendering maps/show
Completed in 31ms (View: 29, DB: 0) | 200 OK [http://localhost/]


Processing MapsController#show (for 127.0.0.1 at 2010-03-05 16:37:08) [GET]
Rendering maps/show
Completed in 30ms (View: 28, DB: 0) | 200 OK [http://localhost/]


Processing MapsController#show (for 127.0.0.1 at 2010-03-05 16:37:28) [GET]
Rendering maps/show
Completed in 31ms (View: 28, DB: 0) | 200 OK [http://localhost/]


Processing MapsController#show (for 127.0.0.1 at 2010-03-05 16:37:42) [GET]
Rendering maps/show
Completed in 31ms (View: 28, DB: 0) | 200 OK [http://localhost/]


Processing MapsController#show (for 127.0.0.1 at 2010-03-05 16:39:20) [GET]
Rendering maps/show
Completed in 99ms (View: 97, DB: 0) | 200 OK [http://localhost/]


Processing MapsController#show (for 127.0.0.1 at 2010-03-05 16:40:16) [GET]
Rendering maps/show
Completed in 32ms (View: 30, DB: 0) | 200 OK [http://localhost/]


Processing MapsController#show (for 127.0.0.1 at 2010-03-05 16:40:31) [GET]
Rendering maps/show
Completed in 30ms (View: 28, DB: 0) | 200 OK [http://localhost/]


Processing MapsController#show (for 127.0.0.1 at 2010-03-05 16:41:18) [GET]
Rendering maps/show
Completed in 96ms (View: 94, DB: 0) | 200 OK [http://localhost/]


Processing MapsController#show (for 127.0.0.1 at 2010-03-05 16:41:42) [GET]
Rendering maps/show
Completed in 26ms (View: 24, DB: 0) | 200 OK [http://localhost/]


Processing MapsController#show (for 127.0.0.1 at 2010-03-05 16:42:40) [GET]
Rendering maps/show
Completed in 31ms (View: 28, DB: 0) | 200 OK [http://localhost/]


Processing MapsController#show (for 127.0.0.1 at 2010-03-05 16:43:45) [GET]
Rendering maps/show
Completed in 98ms (View: 96, DB: 0) | 200 OK [http://localhost/]


Processing MapsController#show (for 127.0.0.1 at 2010-03-05 16:44:30) [GET]
Rendering maps/show
Completed in 32ms (View: 30, DB: 0) | 200 OK [http://localhost/]


Processing MapsController#show (for 127.0.0.1 at 2010-03-05 16:44:53) [GET]
Rendering maps/show
Completed in 32ms (View: 29, DB: 0) | 200 OK [http://localhost/]


Processing MapsController#show (for 127.0.0.1 at 2010-03-05 16:45:06) [GET]
Rendering maps/show
Completed in 99ms (View: 97, DB: 0) | 200 OK [http://localhost/]


Processing MapsController#show (for 127.0.0.1 at 2010-03-05 16:45:16) [GET]
Rendering maps/show
Completed in 31ms (View: 28, DB: 0) | 200 OK [http://localhost/]


Processing MapsController#show (for 127.0.0.1 at 2010-03-05 16:45:27) [GET]
Rendering maps/show
Completed in 30ms (View: 28, DB: 0) | 200 OK [http://localhost/]


Processing MapsController#show (for 127.0.0.1 at 2010-03-05 16:46:17) [GET]
Rendering maps/show
Completed in 98ms (View: 96, DB: 0) | 200 OK [http://localhost/]


Processing MapsController#show (for 127.0.0.1 at 2010-03-05 16:46:58) [GET]
Rendering maps/show
Completed in 30ms (View: 28, DB: 0) | 200 OK [http://localhost/]


Processing MapsController#show (for 127.0.0.1 at 2010-03-05 16:47:30) [GET]
Rendering maps/show
Completed in 31ms (View: 29, DB: 0) | 200 OK [http://localhost/]


Processing MapsController#show (for 127.0.0.1 at 2010-03-05 16:48:03) [GET]
Rendering maps/show
Completed in 27ms (View: 24, DB: 0) | 200 OK [http://localhost/]


Processing MapsController#show (for 127.0.0.1 at 2010-03-05 16:49:00) [GET]
Rendering maps/show
Completed in 33ms (View: 30, DB: 0) | 200 OK [http://localhost/]


Processing MapsController#show (for 127.0.0.1 at 2010-03-17 08:57:54) [GET]
Rendering maps/show
Completed in 247ms (View: 202, DB: 0) | 200 OK [http://localhost/]


Processing MapsController#show (for 127.0.0.1 at 2010-03-17 08:59:34) [GET]
Rendering maps/show
Completed in 98ms (View: 96, DB: 0) | 200 OK [http://localhost/]


Processing MapsController#show (for 127.0.0.1 at 2010-03-17 09:00:14) [GET]
Rendering maps/show
Completed in 34ms (View: 31, DB: 0) | 200 OK [http://localhost/]


Processing MapsController#show (for 127.0.0.1 at 2010-03-17 09:01:39) [GET]
Rendering maps/show
Completed in 32ms (View: 30, DB: 0) | 200 OK [http://localhost/]


Processing MapsController#show (for 127.0.0.1 at 2010-03-17 09:02:30) [GET]
Rendering maps/show
Completed in 113ms (View: 110, DB: 0) | 200 OK [http://localhost/]


Processing MapsController#show (for 127.0.0.1 at 2010-03-17 09:03:08) [GET]
Rendering maps/show
Completed in 31ms (View: 29, DB: 0) | 200 OK [http://localhost/]


Processing MapsController#show (for 127.0.0.1 at 2010-03-17 09:22:09) [GET]
Rendering maps/show
Completed in 32ms (View: 30, DB: 0) | 200 OK [http://localhost/]


Processing MapsController#show (for 127.0.0.1 at 2010-03-17 09:22:24) [GET]
Rendering maps/show
Completed in 34ms (View: 32, DB: 0) | 200 OK [http://localhost/]


Processing MapsController#show (for 127.0.0.1 at 2010-03-17 09:22:38) [GET]
Rendering maps/show
Completed in 31ms (View: 29, DB: 0) | 200 OK [http://localhost/]


Processing MapsController#show (for 127.0.0.1 at 2010-03-17 09:22:51) [GET]
Rendering maps/show
Completed in 101ms (View: 99, DB: 0) | 200 OK [http://localhost/]


Processing MapsController#show (for 127.0.0.1 at 2010-03-17 09:23:02) [GET]
Rendering maps/show
Completed in 34ms (View: 32, DB: 0) | 200 OK [http://localhost/]


Processing MapsController#show (for 127.0.0.1 at 2010-03-17 09:23:12) [GET]
Rendering maps/show
Completed in 32ms (View: 30, DB: 0) | 200 OK [http://localhost/]


Processing MapsController#show (for 127.0.0.1 at 2010-03-17 09:23:19) [GET]
Rendering maps/show
Completed in 106ms (View: 104, DB: 0) | 200 OK [http://localhost/]


Processing MapsController#show (for 127.0.0.1 at 2010-03-17 09:23:28) [GET]
Rendering maps/show
Completed in 31ms (View: 29, DB: 0) | 200 OK [http://localhost/]


Processing MapsController#show (for 127.0.0.1 at 2010-03-17 09:23:36) [GET]
Rendering maps/show
Completed in 31ms (View: 29, DB: 0) | 200 OK [http://localhost/]


Processing MapsController#show (for 127.0.0.1 at 2010-03-17 09:24:00) [GET]
Rendering maps/show
Completed in 26ms (View: 24, DB: 0) | 200 OK [http://localhost/]


Processing MapsController#show (for 127.0.0.1 at 2010-03-17 09:30:27) [GET]
Rendering maps/show
Completed in 32ms (View: 29, DB: 0) | 200 OK [http://localhost/]


Processing MapsController#show (for 127.0.0.1 at 2010-03-17 09:30:59) [GET]
Rendering maps/show
Completed in 101ms (View: 99, DB: 0) | 200 OK [http://localhost/]


Processing MapsController#show (for 127.0.0.1 at 2010-03-17 09:31:45) [GET]
Rendering maps/show
Completed in 32ms (View: 29, DB: 0) | 200 OK [http://localhost/]


Processing MapsController#show (for 127.0.0.1 at 2010-03-17 09:32:42) [GET]
Rendering maps/show
Completed in 37ms (View: 31, DB: 0) | 200 OK [http://localhost/]


Processing MapsController#show (for 127.0.0.1 at 2010-03-17 09:34:44) [GET]
Rendering maps/show
Completed in 100ms (View: 98, DB: 0) | 200 OK [http://localhost/]


Processing MapsController#show (for 127.0.0.1 at 2010-03-17 09:35:14) [GET]
Rendering maps/show
Completed in 31ms (View: 29, DB: 0) | 200 OK [http://localhost/]


Processing MapsController#show (for 127.0.0.1 at 2010-03-17 09:35:22) [GET]
Rendering maps/show
Completed in 26ms (View: 24, DB: 0) | 200 OK [http://localhost/]


Processing MapsController#show (for 127.0.0.1 at 2010-03-17 09:35:59) [GET]
Rendering maps/show
Completed in 103ms (View: 99, DB: 0) | 200 OK [http://localhost/]


Processing MapsController#show (for 127.0.0.1 at 2010-03-17 09:36:47) [GET]
Rendering maps/show
Completed in 31ms (View: 29, DB: 0) | 200 OK [http://localhost/]


Processing MapsController#show (for 127.0.0.1 at 2010-03-17 09:37:10) [GET]
Rendering maps/show
Completed in 31ms (View: 29, DB: 0) | 200 OK [http://localhost/]


Processing MapsController#show (for 127.0.0.1 at 2010-03-17 09:43:57) [GET]
Rendering maps/show
Completed in 31ms (View: 28, DB: 0) | 200 OK [http://localhost/]


Processing MapsController#show (for 127.0.0.1 at 2010-03-17 09:44:16) [GET]
Rendering maps/show
Completed in 37ms (View: 35, DB: 0) | 200 OK [http://localhost/]


Processing MapsController#show (for 127.0.0.1 at 2010-03-17 09:44:55) [GET]
Rendering maps/show
Completed in 103ms (View: 100, DB: 0) | 200 OK [http://localhost/]
